c:\users\fabien\documents\staffs-uni\staffs-articifial-intelligence\gameai\debug\vc140.pdb
c:\users\fabien\documents\staffs-uni\staffs-articifial-intelligence\gameai\debug\vc140.idb
c:\users\fabien\documents\staffs-uni\staffs-articifial-intelligence\gameai\debug\character.obj
c:\users\fabien\documents\staffs-uni\staffs-articifial-intelligence\gameai\debug\characterbub.obj
c:\users\fabien\documents\staffs-uni\staffs-articifial-intelligence\gameai\debug\charactercaterpillar.obj
c:\users\fabien\documents\staffs-uni\staffs-articifial-intelligence\gameai\debug\characterchest.obj
c:\users\fabien\documents\staffs-uni\staffs-articifial-intelligence\gameai\debug\characterfruit.obj
c:\users\fabien\documents\staffs-uni\staffs-articifial-intelligence\gameai\debug\characterrainbow.obj
c:\users\fabien\documents\staffs-uni\staffs-articifial-intelligence\gameai\debug\gamescreen_rainbowislands.obj
c:\users\fabien\documents\staffs-uni\staffs-articifial-intelligence\gameai\debug\layer.obj
c:\users\fabien\documents\staffs-uni\staffs-articifial-intelligence\gameai\debug\levelmap.obj
c:\users\fabien\documents\staffs-uni\staffs-articifial-intelligence\gameai\debug\neuralnetwork.obj
c:\users\fabien\documents\staffs-uni\staffs-articifial-intelligence\gameai\debug\neuron.obj
c:\users\fabien\documents\staffs-uni\staffs-articifial-intelligence\gameai\debug\virtualjoypad.obj
c:\users\fabien\documents\staffs-uni\staffs-articifial-intelligence\gameai\debug\source.obj
c:\users\fabien\documents\staffs-uni\staffs-articifial-intelligence\gameai\debug\texture2d.obj
c:\users\fabien\documents\staffs-uni\staffs-articifial-intelligence\gameai\debug\tinystr.obj
c:\users\fabien\documents\staffs-uni\staffs-articifial-intelligence\gameai\debug\tinyxml.obj
c:\users\fabien\documents\staffs-uni\staffs-articifial-intelligence\gameai\debug\tinyxmlerror.obj
c:\users\fabien\documents\staffs-uni\staffs-articifial-intelligence\gameai\debug\tinyxmlparser.obj
c:\users\fabien\documents\staffs-uni\staffs-articifial-intelligence\gameai\debug\chessmovemanager.obj
c:\users\fabien\documents\staffs-uni\staffs-articifial-intelligence\gameai\debug\chessplayerai.obj
c:\users\fabien\documents\staffs-uni\staffs-articifial-intelligence\gameai\debug\gamescreen_chess.obj
c:\users\fabien\documents\staffs-uni\staffs-articifial-intelligence\gameai\debug\chessplayer.obj
c:\users\fabien\documents\staffs-uni\staffs-articifial-intelligence\gameai\debug\collisions.obj
c:\users\fabien\documents\staffs-uni\staffs-articifial-intelligence\gameai\debug\gamescreen_conway.obj
c:\users\fabien\documents\staffs-uni\staffs-articifial-intelligence\gameai\debug\gameobject.obj
c:\users\fabien\documents\staffs-uni\staffs-articifial-intelligence\gameai\debug\gamescreen.obj
c:\users\fabien\documents\staffs-uni\staffs-articifial-intelligence\gameai\debug\gamescreenmanager.obj
c:\users\fabien\documents\staffs-uni\staffs-articifial-intelligence\gameai\debug\gamescreen_lunar.obj
c:\users\fabien\documents\staffs-uni\staffs-articifial-intelligence\gameai\debug\lunarlander.obj
c:\users\fabien\documents\staffs-uni\staffs-articifial-intelligence\gameai\debug\gamescreen_clustering.obj
c:\users\fabien\documents\staffs-uni\staffs-articifial-intelligence\gameai\debug\genome.obj
c:\users\fabien\documents\staffs-uni\staffs-articifial-intelligence\gameai\debug\geneticalgoritm.obj
c:\users\fabien\documents\staffs-uni\staffs-articifial-intelligence\debug\gameai.ilk
c:\users\fabien\documents\staffs-uni\staffs-articifial-intelligence\debug\gameai.exe
c:\users\fabien\documents\staffs-uni\staffs-articifial-intelligence\debug\gameai.pdb
c:\users\fabien\documents\staffs-uni\staffs-articifial-intelligence\gameai\debug\gameai.tlog\cl.command.1.tlog
c:\users\fabien\documents\staffs-uni\staffs-articifial-intelligence\gameai\debug\gameai.tlog\cl.read.1.tlog
c:\users\fabien\documents\staffs-uni\staffs-articifial-intelligence\gameai\debug\gameai.tlog\cl.write.1.tlog
c:\users\fabien\documents\staffs-uni\staffs-articifial-intelligence\gameai\debug\gameai.tlog\link.command.1.tlog
c:\users\fabien\documents\staffs-uni\staffs-articifial-intelligence\gameai\debug\gameai.tlog\link.read.1.tlog
c:\users\fabien\documents\staffs-uni\staffs-articifial-intelligence\gameai\debug\gameai.tlog\link.write.1.tlog
